                                 Started job on |	Jan 03 11:53:08
                             Started mapping on |	Jan 03 13:47:16
                                    Finished on |	Jan 03 16:24:41
       Mapping speed, Million of reads per hour |	20.92

                          Number of input reads |	54895066
                      Average input read length |	296
                                    UNIQUE READS:
                   Uniquely mapped reads number |	38463292
                        Uniquely mapped reads % |	70.07%
                          Average mapped length |	280.92
                       Number of splices: Total |	47130451
            Number of splices: Annotated (sjdb) |	41710244
                       Number of splices: GT/AG |	29582104
                       Number of splices: GC/AG |	13009415
                       Number of splices: AT/AC |	15244
               Number of splices: Non-canonical |	4523688
                      Mismatch rate per base, % |	0.69%
                         Deletion rate per base |	0.05%
                        Deletion average length |	2.87
                        Insertion rate per base |	0.04%
                       Insertion average length |	2.48
                             MULTI-MAPPING READS:
        Number of reads mapped to multiple loci |	9563328
             % of reads mapped to multiple loci |	17.42%
        Number of reads mapped to too many loci |	101627
             % of reads mapped to too many loci |	0.19%
                                  UNMAPPED READS:
  Number of reads unmapped: too many mismatches |	0
       % of reads unmapped: too many mismatches |	0.00%
            Number of reads unmapped: too short |	6714513
                 % of reads unmapped: too short |	12.23%
                Number of reads unmapped: other |	52306
                     % of reads unmapped: other |	0.10%
                                  CHIMERIC READS:
                       Number of chimeric reads |	0
                            % of chimeric reads |	0.00%
