                                 Started job on |	Jan 03 11:53:08
                             Started mapping on |	Jan 03 13:46:20
                                    Finished on |	Jan 03 16:03:11
       Mapping speed, Million of reads per hour |	34.61

                          Number of input reads |	78933530
                      Average input read length |	296
                                    UNIQUE READS:
                   Uniquely mapped reads number |	57176712
                        Uniquely mapped reads % |	72.44%
                          Average mapped length |	281.06
                       Number of splices: Total |	65359869
            Number of splices: Annotated (sjdb) |	58506180
                       Number of splices: GT/AG |	45045589
                       Number of splices: GC/AG |	15010939
                       Number of splices: AT/AC |	24176
               Number of splices: Non-canonical |	5279165
                      Mismatch rate per base, % |	0.70%
                         Deletion rate per base |	0.05%
                        Deletion average length |	2.78
                        Insertion rate per base |	0.03%
                       Insertion average length |	2.50
                             MULTI-MAPPING READS:
        Number of reads mapped to multiple loci |	12636653
             % of reads mapped to multiple loci |	16.01%
        Number of reads mapped to too many loci |	103977
             % of reads mapped to too many loci |	0.13%
                                  UNMAPPED READS:
  Number of reads unmapped: too many mismatches |	0
       % of reads unmapped: too many mismatches |	0.00%
            Number of reads unmapped: too short |	8921127
                 % of reads unmapped: too short |	11.30%
                Number of reads unmapped: other |	95061
                     % of reads unmapped: other |	0.12%
                                  CHIMERIC READS:
                       Number of chimeric reads |	0
                            % of chimeric reads |	0.00%
