                                 Started job on |	Jan 06 10:28:14
                             Started mapping on |	Jan 06 11:10:12
                                    Finished on |	Jan 06 11:21:34
       Mapping speed, Million of reads per hour |	335.28

                          Number of input reads |	63516651
                      Average input read length |	297
                                    UNIQUE READS:
                   Uniquely mapped reads number |	47172587
                        Uniquely mapped reads % |	74.27%
                          Average mapped length |	280.11
                       Number of splices: Total |	66904785
            Number of splices: Annotated (sjdb) |	58260394
                       Number of splices: GT/AG |	40292682
                       Number of splices: GC/AG |	19316570
                       Number of splices: AT/AC |	18134
               Number of splices: Non-canonical |	7277399
                      Mismatch rate per base, % |	0.76%
                         Deletion rate per base |	0.06%
                        Deletion average length |	3.18
                        Insertion rate per base |	0.04%
                       Insertion average length |	2.80
                             MULTI-MAPPING READS:
        Number of reads mapped to multiple loci |	8549313
             % of reads mapped to multiple loci |	13.46%
        Number of reads mapped to too many loci |	165813
             % of reads mapped to too many loci |	0.26%
                                  UNMAPPED READS:
  Number of reads unmapped: too many mismatches |	0
       % of reads unmapped: too many mismatches |	0.00%
            Number of reads unmapped: too short |	7524484
                 % of reads unmapped: too short |	11.85%
                Number of reads unmapped: other |	104454
                     % of reads unmapped: other |	0.16%
                                  CHIMERIC READS:
                       Number of chimeric reads |	0
                            % of chimeric reads |	0.00%
