                                 Started job on |	Jan 03 11:53:43
                             Started mapping on |	Jan 03 13:46:30
                                    Finished on |	Jan 03 16:43:35
       Mapping speed, Million of reads per hour |	18.82

                          Number of input reads |	55551688
                      Average input read length |	297
                                    UNIQUE READS:
                   Uniquely mapped reads number |	39848550
                        Uniquely mapped reads % |	71.73%
                          Average mapped length |	277.90
                       Number of splices: Total |	82378976
            Number of splices: Annotated (sjdb) |	69942656
                       Number of splices: GT/AG |	38775012
                       Number of splices: GC/AG |	31488297
                       Number of splices: AT/AC |	12074
               Number of splices: Non-canonical |	12103593
                      Mismatch rate per base, % |	0.84%
                         Deletion rate per base |	0.07%
                        Deletion average length |	3.69
                        Insertion rate per base |	0.05%
                       Insertion average length |	3.20
                             MULTI-MAPPING READS:
        Number of reads mapped to multiple loci |	7160510
             % of reads mapped to multiple loci |	12.89%
        Number of reads mapped to too many loci |	268667
             % of reads mapped to too many loci |	0.48%
                                  UNMAPPED READS:
  Number of reads unmapped: too many mismatches |	0
       % of reads unmapped: too many mismatches |	0.00%
            Number of reads unmapped: too short |	8133988
                 % of reads unmapped: too short |	14.64%
                Number of reads unmapped: other |	139973
                     % of reads unmapped: other |	0.25%
                                  CHIMERIC READS:
                       Number of chimeric reads |	0
                            % of chimeric reads |	0.00%
