                                 Started job on |	Jan 06 10:28:14
                             Started mapping on |	Jan 06 11:10:08
                                    Finished on |	Jan 06 11:20:25
       Mapping speed, Million of reads per hour |	281.11

                          Number of input reads |	48178543
                      Average input read length |	297
                                    UNIQUE READS:
                   Uniquely mapped reads number |	29370269
                        Uniquely mapped reads % |	60.96%
                          Average mapped length |	279.90
                       Number of splices: Total |	50017880
            Number of splices: Annotated (sjdb) |	43234056
                       Number of splices: GT/AG |	22832491
                       Number of splices: GC/AG |	20113657
                       Number of splices: AT/AC |	9568
               Number of splices: Non-canonical |	7062164
                      Mismatch rate per base, % |	0.65%
                         Deletion rate per base |	0.04%
                        Deletion average length |	2.97
                        Insertion rate per base |	0.03%
                       Insertion average length |	2.60
                             MULTI-MAPPING READS:
        Number of reads mapped to multiple loci |	11134433
             % of reads mapped to multiple loci |	23.11%
        Number of reads mapped to too many loci |	92546
             % of reads mapped to too many loci |	0.19%
                                  UNMAPPED READS:
  Number of reads unmapped: too many mismatches |	0
       % of reads unmapped: too many mismatches |	0.00%
            Number of reads unmapped: too short |	7534657
                 % of reads unmapped: too short |	15.64%
                Number of reads unmapped: other |	46638
                     % of reads unmapped: other |	0.10%
                                  CHIMERIC READS:
                       Number of chimeric reads |	0
                            % of chimeric reads |	0.00%
