                                 Started job on |	Jan 05 14:42:29
                             Started mapping on |	Jan 05 15:58:37
                                    Finished on |	Jan 05 16:19:51
       Mapping speed, Million of reads per hour |	159.93

                          Number of input reads |	56598638
                      Average input read length |	296
                                    UNIQUE READS:
                   Uniquely mapped reads number |	38474231
                        Uniquely mapped reads % |	67.98%
                          Average mapped length |	280.90
                       Number of splices: Total |	52315686
            Number of splices: Annotated (sjdb) |	46055749
                       Number of splices: GT/AG |	30819430
                       Number of splices: GC/AG |	15942217
                       Number of splices: AT/AC |	15540
               Number of splices: Non-canonical |	5538499
                      Mismatch rate per base, % |	0.66%
                         Deletion rate per base |	0.04%
                        Deletion average length |	2.87
                        Insertion rate per base |	0.03%
                       Insertion average length |	2.52
                             MULTI-MAPPING READS:
        Number of reads mapped to multiple loci |	11055195
             % of reads mapped to multiple loci |	19.53%
        Number of reads mapped to too many loci |	121068
             % of reads mapped to too many loci |	0.21%
                                  UNMAPPED READS:
  Number of reads unmapped: too many mismatches |	0
       % of reads unmapped: too many mismatches |	0.00%
            Number of reads unmapped: too short |	6886900
                 % of reads unmapped: too short |	12.17%
                Number of reads unmapped: other |	61244
                     % of reads unmapped: other |	0.11%
                                  CHIMERIC READS:
                       Number of chimeric reads |	0
                            % of chimeric reads |	0.00%
