                                 Started job on |	Jan 03 10:47:03
                             Started mapping on |	Jan 03 11:51:51
                                    Finished on |	Jan 03 13:25:40
       Mapping speed, Million of reads per hour |	31.55

                          Number of input reads |	49333570
                      Average input read length |	297
                                    UNIQUE READS:
                   Uniquely mapped reads number |	31072777
                        Uniquely mapped reads % |	62.99%
                          Average mapped length |	280.81
                       Number of splices: Total |	48103569
            Number of splices: Annotated (sjdb) |	42075758
                       Number of splices: GT/AG |	25366196
                       Number of splices: GC/AG |	16835391
                       Number of splices: AT/AC |	11372
               Number of splices: Non-canonical |	5890610
                      Mismatch rate per base, % |	0.65%
                         Deletion rate per base |	0.04%
                        Deletion average length |	2.85
                        Insertion rate per base |	0.03%
                       Insertion average length |	2.54
                             MULTI-MAPPING READS:
        Number of reads mapped to multiple loci |	10987868
             % of reads mapped to multiple loci |	22.27%
        Number of reads mapped to too many loci |	73331
             % of reads mapped to too many loci |	0.15%
                                  UNMAPPED READS:
  Number of reads unmapped: too many mismatches |	0
       % of reads unmapped: too many mismatches |	0.00%
            Number of reads unmapped: too short |	7159155
                 % of reads unmapped: too short |	14.51%
                Number of reads unmapped: other |	40439
                     % of reads unmapped: other |	0.08%
                                  CHIMERIC READS:
                       Number of chimeric reads |	0
                            % of chimeric reads |	0.00%
