                                 Started job on |	Jan 05 14:41:50
                             Started mapping on |	Jan 05 17:09:32
                                    Finished on |	Jan 05 17:47:55
       Mapping speed, Million of reads per hour |	84.02

                          Number of input reads |	53749496
                      Average input read length |	296
                                    UNIQUE READS:
                   Uniquely mapped reads number |	39817418
                        Uniquely mapped reads % |	74.08%
                          Average mapped length |	280.54
                       Number of splices: Total |	45968519
            Number of splices: Annotated (sjdb) |	40500655
                       Number of splices: GT/AG |	29830475
                       Number of splices: GC/AG |	11848494
                       Number of splices: AT/AC |	16624
               Number of splices: Non-canonical |	4272926
                      Mismatch rate per base, % |	0.71%
                         Deletion rate per base |	0.05%
                        Deletion average length |	2.96
                        Insertion rate per base |	0.04%
                       Insertion average length |	2.58
                             MULTI-MAPPING READS:
        Number of reads mapped to multiple loci |	7846132
             % of reads mapped to multiple loci |	14.60%
        Number of reads mapped to too many loci |	121879
             % of reads mapped to too many loci |	0.23%
                                  UNMAPPED READS:
  Number of reads unmapped: too many mismatches |	0
       % of reads unmapped: too many mismatches |	0.00%
            Number of reads unmapped: too short |	5905611
                 % of reads unmapped: too short |	10.99%
                Number of reads unmapped: other |	58456
                     % of reads unmapped: other |	0.11%
                                  CHIMERIC READS:
                       Number of chimeric reads |	0
                            % of chimeric reads |	0.00%
