                                 Started job on |	Jan 03 10:47:03
                             Started mapping on |	Jan 03 11:51:51
                                    Finished on |	Jan 03 13:28:34
       Mapping speed, Million of reads per hour |	34.49

                          Number of input reads |	55594613
                      Average input read length |	296
                                    UNIQUE READS:
                   Uniquely mapped reads number |	39031268
                        Uniquely mapped reads % |	70.21%
                          Average mapped length |	280.70
                       Number of splices: Total |	49746259
            Number of splices: Annotated (sjdb) |	44115208
                       Number of splices: GT/AG |	31783103
                       Number of splices: GC/AG |	13340834
                       Number of splices: AT/AC |	16265
               Number of splices: Non-canonical |	4606057
                      Mismatch rate per base, % |	0.70%
                         Deletion rate per base |	0.05%
                        Deletion average length |	2.82
                        Insertion rate per base |	0.04%
                       Insertion average length |	2.54
                             MULTI-MAPPING READS:
        Number of reads mapped to multiple loci |	9826106
             % of reads mapped to multiple loci |	17.67%
        Number of reads mapped to too many loci |	80742
             % of reads mapped to too many loci |	0.15%
                                  UNMAPPED READS:
  Number of reads unmapped: too many mismatches |	0
       % of reads unmapped: too many mismatches |	0.00%
            Number of reads unmapped: too short |	6605153
                 % of reads unmapped: too short |	11.88%
                Number of reads unmapped: other |	51344
                     % of reads unmapped: other |	0.09%
                                  CHIMERIC READS:
                       Number of chimeric reads |	0
                            % of chimeric reads |	0.00%
