                                 Started job on |	Jan 03 11:53:08
                             Started mapping on |	Jan 03 13:46:59
                                    Finished on |	Jan 03 16:34:56
       Mapping speed, Million of reads per hour |	15.71

                          Number of input reads |	43974226
                      Average input read length |	297
                                    UNIQUE READS:
                   Uniquely mapped reads number |	28703849
                        Uniquely mapped reads % |	65.27%
                          Average mapped length |	280.83
                       Number of splices: Total |	41376745
            Number of splices: Annotated (sjdb) |	36248961
                       Number of splices: GT/AG |	23103865
                       Number of splices: GC/AG |	13548045
                       Number of splices: AT/AC |	10478
               Number of splices: Non-canonical |	4714357
                      Mismatch rate per base, % |	0.68%
                         Deletion rate per base |	0.04%
                        Deletion average length |	2.91
                        Insertion rate per base |	0.03%
                       Insertion average length |	2.58
                             MULTI-MAPPING READS:
        Number of reads mapped to multiple loci |	9149176
             % of reads mapped to multiple loci |	20.81%
        Number of reads mapped to too many loci |	56844
             % of reads mapped to too many loci |	0.13%
                                  UNMAPPED READS:
  Number of reads unmapped: too many mismatches |	0
       % of reads unmapped: too many mismatches |	0.00%
            Number of reads unmapped: too short |	6027880
                 % of reads unmapped: too short |	13.71%
                Number of reads unmapped: other |	36477
                     % of reads unmapped: other |	0.08%
                                  CHIMERIC READS:
                       Number of chimeric reads |	0
                            % of chimeric reads |	0.00%
