                                 Started job on |	Jan 03 10:46:59
                             Started mapping on |	Jan 03 12:01:10
                                    Finished on |	Jan 03 13:19:35
       Mapping speed, Million of reads per hour |	41.48

                          Number of input reads |	54206111
                      Average input read length |	296
                                    UNIQUE READS:
                   Uniquely mapped reads number |	38212440
                        Uniquely mapped reads % |	70.49%
                          Average mapped length |	280.69
                       Number of splices: Total |	45256804
            Number of splices: Annotated (sjdb) |	39935727
                       Number of splices: GT/AG |	28103790
                       Number of splices: GC/AG |	12718375
                       Number of splices: AT/AC |	16128
               Number of splices: Non-canonical |	4418511
                      Mismatch rate per base, % |	0.69%
                         Deletion rate per base |	0.05%
                        Deletion average length |	2.83
                        Insertion rate per base |	0.04%
                       Insertion average length |	2.50
                             MULTI-MAPPING READS:
        Number of reads mapped to multiple loci |	9409812
             % of reads mapped to multiple loci |	17.36%
        Number of reads mapped to too many loci |	88561
             % of reads mapped to too many loci |	0.16%
                                  UNMAPPED READS:
  Number of reads unmapped: too many mismatches |	0
       % of reads unmapped: too many mismatches |	0.00%
            Number of reads unmapped: too short |	6439600
                 % of reads unmapped: too short |	11.88%
                Number of reads unmapped: other |	55698
                     % of reads unmapped: other |	0.10%
                                  CHIMERIC READS:
                       Number of chimeric reads |	0
                            % of chimeric reads |	0.00%
