                                 Started job on |	Jan 03 10:46:59
                             Started mapping on |	Jan 03 12:01:10
                                    Finished on |	Jan 03 13:20:30
       Mapping speed, Million of reads per hour |	41.00

                          Number of input reads |	54211740
                      Average input read length |	296
                                    UNIQUE READS:
                   Uniquely mapped reads number |	37974465
                        Uniquely mapped reads % |	70.05%
                          Average mapped length |	280.88
                       Number of splices: Total |	46428307
            Number of splices: Annotated (sjdb) |	41097074
                       Number of splices: GT/AG |	29127510
                       Number of splices: GC/AG |	12823590
                       Number of splices: AT/AC |	15495
               Number of splices: Non-canonical |	4461712
                      Mismatch rate per base, % |	0.68%
                         Deletion rate per base |	0.05%
                        Deletion average length |	2.92
                        Insertion rate per base |	0.03%
                       Insertion average length |	2.50
                             MULTI-MAPPING READS:
        Number of reads mapped to multiple loci |	9607826
             % of reads mapped to multiple loci |	17.72%
        Number of reads mapped to too many loci |	105255
             % of reads mapped to too many loci |	0.19%
                                  UNMAPPED READS:
  Number of reads unmapped: too many mismatches |	0
       % of reads unmapped: too many mismatches |	0.00%
            Number of reads unmapped: too short |	6472113
                 % of reads unmapped: too short |	11.94%
                Number of reads unmapped: other |	52081
                     % of reads unmapped: other |	0.10%
                                  CHIMERIC READS:
                       Number of chimeric reads |	0
                            % of chimeric reads |	0.00%
