                                 Started job on |	Jan 03 11:53:08
                             Started mapping on |	Jan 03 13:46:59
                                    Finished on |	Jan 03 16:32:13
       Mapping speed, Million of reads per hour |	20.33

                          Number of input reads |	55993112
                      Average input read length |	297
                                    UNIQUE READS:
                   Uniquely mapped reads number |	36494200
                        Uniquely mapped reads % |	65.18%
                          Average mapped length |	280.71
                       Number of splices: Total |	53300348
            Number of splices: Annotated (sjdb) |	46692739
                       Number of splices: GT/AG |	28644014
                       Number of splices: GC/AG |	18274266
                       Number of splices: AT/AC |	13112
               Number of splices: Non-canonical |	6368956
                      Mismatch rate per base, % |	0.66%
                         Deletion rate per base |	0.04%
                        Deletion average length |	2.78
                        Insertion rate per base |	0.03%
                       Insertion average length |	2.52
                             MULTI-MAPPING READS:
        Number of reads mapped to multiple loci |	12035599
             % of reads mapped to multiple loci |	21.49%
        Number of reads mapped to too many loci |	88509
             % of reads mapped to too many loci |	0.16%
                                  UNMAPPED READS:
  Number of reads unmapped: too many mismatches |	0
       % of reads unmapped: too many mismatches |	0.00%
            Number of reads unmapped: too short |	7320105
                 % of reads unmapped: too short |	13.07%
                Number of reads unmapped: other |	54699
                     % of reads unmapped: other |	0.10%
                                  CHIMERIC READS:
                       Number of chimeric reads |	0
                            % of chimeric reads |	0.00%
