                                 Started job on |	Jan 05 14:40:59
                             Started mapping on |	Jan 05 15:59:23
                                    Finished on |	Jan 05 16:23:27
       Mapping speed, Million of reads per hour |	139.05

                          Number of input reads |	55773556
                      Average input read length |	297
                                    UNIQUE READS:
                   Uniquely mapped reads number |	36631828
                        Uniquely mapped reads % |	65.68%
                          Average mapped length |	280.85
                       Number of splices: Total |	54109816
            Number of splices: Annotated (sjdb) |	47443214
                       Number of splices: GT/AG |	29735572
                       Number of splices: GC/AG |	18120027
                       Number of splices: AT/AC |	14005
               Number of splices: Non-canonical |	6240212
                      Mismatch rate per base, % |	0.66%
                         Deletion rate per base |	0.04%
                        Deletion average length |	2.75
                        Insertion rate per base |	0.03%
                       Insertion average length |	2.53
                             MULTI-MAPPING READS:
        Number of reads mapped to multiple loci |	11541747
             % of reads mapped to multiple loci |	20.69%
        Number of reads mapped to too many loci |	65923
             % of reads mapped to too many loci |	0.12%
                                  UNMAPPED READS:
  Number of reads unmapped: too many mismatches |	0
       % of reads unmapped: too many mismatches |	0.00%
            Number of reads unmapped: too short |	7478456
                 % of reads unmapped: too short |	13.41%
                Number of reads unmapped: other |	55602
                     % of reads unmapped: other |	0.10%
                                  CHIMERIC READS:
                       Number of chimeric reads |	0
                            % of chimeric reads |	0.00%
