                                 Started job on |	Jan 03 11:53:43
                             Started mapping on |	Jan 03 13:46:30
                                    Finished on |	Jan 03 16:43:30
       Mapping speed, Million of reads per hour |	19.90

                          Number of input reads |	58708738
                      Average input read length |	296
                                    UNIQUE READS:
                   Uniquely mapped reads number |	39011882
                        Uniquely mapped reads % |	66.45%
                          Average mapped length |	280.83
                       Number of splices: Total |	53827970
            Number of splices: Annotated (sjdb) |	47440794
                       Number of splices: GT/AG |	31340673
                       Number of splices: GC/AG |	16662102
                       Number of splices: AT/AC |	15874
               Number of splices: Non-canonical |	5809321
                      Mismatch rate per base, % |	0.67%
                         Deletion rate per base |	0.04%
                        Deletion average length |	2.81
                        Insertion rate per base |	0.03%
                       Insertion average length |	2.49
                             MULTI-MAPPING READS:
        Number of reads mapped to multiple loci |	11688441
             % of reads mapped to multiple loci |	19.91%
        Number of reads mapped to too many loci |	97522
             % of reads mapped to too many loci |	0.17%
                                  UNMAPPED READS:
  Number of reads unmapped: too many mismatches |	0
       % of reads unmapped: too many mismatches |	0.00%
            Number of reads unmapped: too short |	7865065
                 % of reads unmapped: too short |	13.40%
                Number of reads unmapped: other |	45828
                     % of reads unmapped: other |	0.08%
                                  CHIMERIC READS:
                       Number of chimeric reads |	0
                            % of chimeric reads |	0.00%
