                                 Started job on |	Jan 03 11:53:08
                             Started mapping on |	Jan 03 13:46:59
                                    Finished on |	Jan 03 16:26:32
       Mapping speed, Million of reads per hour |	20.94

                          Number of input reads |	55691279
                      Average input read length |	297
                                    UNIQUE READS:
                   Uniquely mapped reads number |	37511602
                        Uniquely mapped reads % |	67.36%
                          Average mapped length |	280.88
                       Number of splices: Total |	50404063
            Number of splices: Annotated (sjdb) |	44469756
                       Number of splices: GT/AG |	29628436
                       Number of splices: GC/AG |	15382312
                       Number of splices: AT/AC |	14815
               Number of splices: Non-canonical |	5378500
                      Mismatch rate per base, % |	0.68%
                         Deletion rate per base |	0.04%
                        Deletion average length |	2.79
                        Insertion rate per base |	0.03%
                       Insertion average length |	2.54
                             MULTI-MAPPING READS:
        Number of reads mapped to multiple loci |	10877483
             % of reads mapped to multiple loci |	19.53%
        Number of reads mapped to too many loci |	76972
             % of reads mapped to too many loci |	0.14%
                                  UNMAPPED READS:
  Number of reads unmapped: too many mismatches |	0
       % of reads unmapped: too many mismatches |	0.00%
            Number of reads unmapped: too short |	7175764
                 % of reads unmapped: too short |	12.88%
                Number of reads unmapped: other |	49458
                     % of reads unmapped: other |	0.09%
                                  CHIMERIC READS:
                       Number of chimeric reads |	0
                            % of chimeric reads |	0.00%
